2025-04-03T18:16:53.026+0000 [INFO] Dependencies all met for dep_context=non-requeueable deps ti=<TaskInstance: iis_etl.processing.transform manual__2025-04-03T18:16:49.838138+00:00 [queued]>
2025-04-03T18:16:53.031+0000 [INFO] Dependencies all met for dep_context=requeueable deps ti=<TaskInstance: iis_etl.processing.transform manual__2025-04-03T18:16:49.838138+00:00 [queued]>
2025-04-03T18:16:53.032+0000 [INFO] Starting attempt 1 of 4
2025-04-03T18:16:53.038+0000 [INFO] Executing <Task(PythonOperator): processing.transform> on 2025-04-03 18:16:49.838138+00:00
2025-04-03T18:16:53.040+0000 [INFO] Started process 60 to run task
2025-04-03T18:16:53.042+0000 [INFO] Running: ['airflow', 'tasks', 'run', 'iis_etl', 'processing.transform', 'manual__2025-04-03T18:16:49.838138+00:00', '--job-id', '7', '--raw', '--subdir', 'DAGS_FOLDER/iis_etl.py', '--cfg-path', '/tmp/tmpso45b30i']
2025-04-03T18:16:53.044+0000 [INFO] Job 7: Subtask processing.transform
2025-04-03T18:16:53.066+0000 [INFO] Running <TaskInstance: iis_etl.processing.transform manual__2025-04-03T18:16:49.838138+00:00 [running]> on host 828dc78d8deb
2025-04-03T18:16:53.190+0000 [INFO] Exporting env vars: AIRFLOW_CTX_DAG_OWNER='airflow' AIRFLOW_CTX_DAG_ID='iis_etl' AIRFLOW_CTX_TASK_ID='processing.transform' AIRFLOW_CTX_EXECUTION_DATE='2025-04-03T18:16:49.838138+00:00' AIRFLOW_CTX_TRY_NUMBER='1' AIRFLOW_CTX_DAG_RUN_ID='manual__2025-04-03T18:16:49.838138+00:00'
2025-04-03T18:16:53.261+0000 [ERROR] Transform failed: unsupported operand type(s) for +: 'Timestamp' and 'str'
Data sample: {'date': {0: Timestamp('2010-01-05 00:00:00'), 1: Timestamp('2010-01-05 00:00:00'), 2: Timestamp('2010-01-05 00:00:00'), 3: Timestamp('2010-01-05 00:00:00'), 4: Timestamp('2010-01-05 00:00:00')}, 'time': {0: '00:04:15', 1: '00:09:04', 2: '00:12:09', 3: '00:12:19', 4: '00:12:19'}, 's-ip': {0: '134.36.36.75', 1: '134.36.36.75', 2: '134.36.36.75', 3: '134.36.36.75', 4: '134.36.36.75'}, 'cs-method': {0: 'GET', 1: 'GET', 2: 'GET', 3: 'GET', 4: 'GET'}, 'cs-uri-stem': {0: '/Darwin/Plant.aspx', 1: '/Darwin/Plant.aspx', 2: '/Darwin/Plant.aspx', 3: '/Darwin/Plant.aspx', 4: '/Darwin/print.css'}, 'cs-uri-query': {0: 'p=25&ix=88&pid=2&prcid=26&ppid=1502', 1: 'p=25&ix=210&pid=2&prcid=26&ppid=1502', 2: 'p=25&ix=495&pid=14&prcid=26&ppid=1502', 3: 'p=25&ix=417&pid=0&prcid=0&ppid=0', 4: '-'}, 's-port': {0: 80, 1: 80, 2: 80, 3: 80, 4: 80}, 'cs-username': {0: '-', 1: '-', 2: '-', 3: '-', 4: '-'}, 'c-ip': {0: '77.88.43.25', 1: '67.195.111.153', 2: '77.88.43.25', 3: '190.177.68.207', 4: '190.177.68.207'}, 'cs(User-Agent)': {0: 'Yandex/1.01.001+(compatible;+Win16;+I)', 1: 'Mozilla/5.0+(compatible;+Yahoo!+Slurp/3.0;+http://help.yahoo.com/help/us/ysearch/slurp)', 2: 'Yandex/1.01.001+(compatible;+Win16;+I)', 3: 'Mozilla/4.0+(compatible;+MSIE+6.0;+Windows+NT+5.1;+SV1;+GTB6.3;+.NET+CLR+1.1.4322)', 4: 'Mozilla/4.0+(compatible;+MSIE+6.0;+Windows+NT+5.1;+SV1;+GTB6.3;+.NET+CLR+1.1.4322)'}, 'sc-status': {0: 200, 1: 200, 2: 200, 3: 200, 4: 404}, 'sc-substatus': {0: 0, 1: 0, 2: 0, 3: 0, 4: 0}, 'sc-win32-status': {0: 0, 1: 0, 2: 0, 3: 0, 4: 2}, 'time-taken': {0: 300, 1: 629, 2: 290, 3: 1017, 4: 293}, 'timestamp': {0: Timestamp('2010-01-05 00:04:15+0000', tz='UTC'), 1: Timestamp('2010-01-05 00:09:04+0000', tz='UTC'), 2: Timestamp('2010-01-05 00:12:09+0000', tz='UTC'), 3: Timestamp('2010-01-05 00:12:19+0000', tz='UTC'), 4: Timestamp('2010-01-05 00:12:19+0000', tz='UTC')}, 'hour': {0: 0, 1: 0, 2: 0, 3: 0, 4: 0}, 'time_period': {0: 'Night', 1: 'Night', 2: 'Night', 3: 'Night', 4: 'Night'}, 'ip_prefix': {0: 77.88, 1: 67.195, 2: 77.88, 3: 190.177, 4: 190.177}, 'user_agent': {0: 'Other / Windows 3.1 / Other', 1: 'Spider / Other / Slurp 3.0', 2: 'Other / Windows 3.1 / Other', 3: 'Other / Windows / Other', 4: 'Other / Windows / Other'}, 'is_error': {0: False, 1: False, 2: False, 3: False, 4: True}, 'is_suspicious': {0: False, 1: False, 2: False, 3: False, 4: False}}
2025-04-03T18:16:53.261+0000 [ERROR] Task failed with exception
Traceback (most recent call last):
  File "/home/airflow/.local/lib/python3.7/site-packages/pandas/core/ops/array_ops.py", line 166, in _na_arithmetic_op
    result = func(left, right)
TypeError: unsupported operand type(s) for +: 'Timestamp' and 'str'

During handling of the above exception, another exception occurred:

Traceback (most recent call last):
  File "/home/airflow/.local/lib/python3.7/site-packages/airflow/operators/python.py", line 181, in execute
    return_value = self.execute_callable()
  File "/home/airflow/.local/lib/python3.7/site-packages/airflow/operators/python.py", line 198, in execute_callable
    return self.python_callable(*self.op_args, **self.op_kwargs)
  File "/opt/airflow/dags/iis_etl.py", line 254, in transform
    is_suspicious=lambda x: (
  File "/home/airflow/.local/lib/python3.7/site-packages/pandas/core/frame.py", line 4486, in assign
    data[k] = com.apply_if_callable(v, data)
  File "/home/airflow/.local/lib/python3.7/site-packages/pandas/core/common.py", line 358, in apply_if_callable
    return maybe_callable(obj, **kwargs)
  File "/opt/airflow/dags/iis_etl.py", line 252, in <lambda>
    timestamp=lambda x: pd.to_datetime(x['date'] + ' ' + x['time']),
  File "/home/airflow/.local/lib/python3.7/site-packages/pandas/core/ops/common.py", line 69, in new_method
    return method(self, other)
  File "/home/airflow/.local/lib/python3.7/site-packages/pandas/core/arraylike.py", line 92, in __add__
    return self._arith_method(other, operator.add)
  File "/home/airflow/.local/lib/python3.7/site-packages/pandas/core/series.py", line 5526, in _arith_method
    result = ops.arithmetic_op(lvalues, rvalues, op)
  File "/home/airflow/.local/lib/python3.7/site-packages/pandas/core/ops/array_ops.py", line 224, in arithmetic_op
    res_values = _na_arithmetic_op(left, right, op)
  File "/home/airflow/.local/lib/python3.7/site-packages/pandas/core/ops/array_ops.py", line 173, in _na_arithmetic_op
    result = _masked_arith_op(left, right, op)
  File "/home/airflow/.local/lib/python3.7/site-packages/pandas/core/ops/array_ops.py", line 131, in _masked_arith_op
    result[mask] = op(xrav[mask], y)
TypeError: unsupported operand type(s) for +: 'Timestamp' and 'str'
2025-04-03T18:16:53.276+0000 [INFO] Marking task as UP_FOR_RETRY. dag_id=iis_etl, task_id=processing.transform, execution_date=20250403T181649, start_date=20250403T181653, end_date=20250403T181653
2025-04-03T18:16:53.283+0000 [ERROR] Failed to execute job 7 for task processing.transform (unsupported operand type(s) for +: 'Timestamp' and 'str'; 60)
2025-04-03T18:16:53.308+0000 [INFO] Task exited with return code 1
2025-04-03T18:16:53.323+0000 [INFO] 0 downstream tasks scheduled from follow-on schedule check
